TN:
SF:src/app.js
FN:11,(anonymous_0)
FN:17,(anonymous_1)
FNF:2
FNH:2
FNDA:1,(anonymous_0)
FNDA:1,(anonymous_1)
DA:1,1
DA:2,1
DA:3,1
DA:5,1
DA:6,1
DA:8,1
DA:11,1
DA:12,1
DA:15,1
DA:17,1
DA:18,1
DA:21,1
LF:12
LH:12
BRDA:6,0,0,1
BRDA:6,0,1,1
BRF:2
BRH:2
end_of_record
TN:
SF:src/routes/accounts.js
FN:6,(anonymous_0)
FN:23,(anonymous_1)
FN:44,(anonymous_2)
FNF:3
FNH:2
FNDA:2,(anonymous_0)
FNDA:2,(anonymous_1)
FNDA:0,(anonymous_2)
DA:1,1
DA:2,1
DA:3,1
DA:6,1
DA:7,2
DA:8,2
DA:9,2
DA:11,2
DA:12,1
DA:15,1
DA:17,0
DA:18,0
DA:23,1
DA:24,2
DA:25,2
DA:27,2
DA:28,1
DA:31,1
DA:36,1
DA:38,0
DA:39,0
DA:44,1
DA:45,0
DA:46,0
DA:47,0
DA:49,0
DA:50,0
DA:53,0
DA:55,0
DA:56,0
DA:60,1
LF:31
LH:19
BRDA:11,0,0,1
BRDA:11,0,1,1
BRDA:27,1,0,1
BRDA:27,1,1,1
BRDA:33,2,0,1
BRDA:33,2,1,0
BRDA:49,3,0,0
BRDA:49,3,1,0
BRF:8
BRH:5
end_of_record
